c:\users\inmor\source\repos\background\x64\release\background.lib
c:\users\inmor\source\repos\background\x64\release\background.exp
c:\users\inmor\source\repos\background\x64\release\background.ipdb
c:\users\inmor\source\repos\background\x64\release\background.iobj
c:\users\inmor\source\repos\background\x64\release\vc142.pdb
c:\users\inmor\source\repos\background\x64\release\easybmp.obj
x64\release\background.cu.obj
c:\users\inmor\source\repos\background\x64\release\background.exe
c:\users\inmor\source\repos\background\x64\release\background.pdb
c:\users\inmor\source\repos\background\x64\release\background.cu.cache
c:\users\inmor\source\repos\background\x64\release\background.cu.obj
c:\users\inmor\source\repos\background\x64\release\background.tlog\background.write.1u.tlog
c:\users\inmor\source\repos\background\x64\release\background.tlog\cl.command.1.tlog
c:\users\inmor\source\repos\background\x64\release\background.tlog\cl.read.1.tlog
c:\users\inmor\source\repos\background\x64\release\background.tlog\cl.write.1.tlog
c:\users\inmor\source\repos\background\x64\release\background.tlog\cudacompile.read.1u.tlog
c:\users\inmor\source\repos\background\x64\release\background.tlog\cudacompile.write.1u.tlog
c:\users\inmor\source\repos\background\x64\release\background.tlog\link.command.1.tlog
c:\users\inmor\source\repos\background\x64\release\background.tlog\link.read.1.tlog
c:\users\inmor\source\repos\background\x64\release\background.tlog\link.write.1.tlog
