c:\users\inmor\source\repos\background\x64\debug\background.lib
c:\users\inmor\source\repos\background\x64\debug\background.exp
c:\users\inmor\source\repos\background\x64\debug\vc142.pdb
c:\users\inmor\source\repos\background\x64\debug\vc142.idb
c:\users\inmor\source\repos\background\x64\debug\easybmp.obj
x64\debug\background.cu.obj
c:\users\inmor\source\repos\background\x64\debug\background.exe
c:\users\inmor\source\repos\background\x64\debug\background.ilk
c:\users\inmor\source\repos\background\x64\debug\background.pdb
c:\users\inmor\source\repos\background\x64\debug\background.cu.cache
c:\users\inmor\source\repos\background\x64\debug\background.cu.obj
c:\users\inmor\source\repos\background\x64\debug\background.tlog\background.write.1u.tlog
c:\users\inmor\source\repos\background\x64\debug\background.tlog\cl.command.1.tlog
c:\users\inmor\source\repos\background\x64\debug\background.tlog\cl.read.1.tlog
c:\users\inmor\source\repos\background\x64\debug\background.tlog\cl.write.1.tlog
c:\users\inmor\source\repos\background\x64\debug\background.tlog\cudacompile.read.1u.tlog
c:\users\inmor\source\repos\background\x64\debug\background.tlog\cudacompile.write.1u.tlog
c:\users\inmor\source\repos\background\x64\debug\background.tlog\link.command.1.tlog
c:\users\inmor\source\repos\background\x64\debug\background.tlog\link.read.1.tlog
c:\users\inmor\source\repos\background\x64\debug\background.tlog\link.write.1.tlog
